[21:11:19.280] [Info] Root: Preparing Root...
[21:11:19.282] [Info] Root: Done preparing Root.
[21:11:19.284] [Info] Root: Scanning for asset sources in directory '..\ServerAssets\'
[21:11:19.286] [Info] Root: Loaded Configuration in 0.0004438 seconds
[21:11:19.923] [Info] Root: Scanning for asset sources in directory '..\ServerMods\'
[21:11:19.927] [Info] Root: Detected asset source named 'ServerAssets1' at '..\ServerAssets\ServerAssets1.pak'
[21:11:19.930] [Info] Root: Detected asset source named 'ServerAssets10' at '..\ServerAssets\ServerAssets10.pak'
[21:11:19.933] [Info] Root: Detected asset source named 'ServerAssets11' at '..\ServerAssets\ServerAssets11.pak'
[21:11:19.936] [Info] Root: Detected asset source named 'ServerAssets2' at '..\ServerAssets\ServerAssets2.pak'
[21:11:19.939] [Info] Root: Detected asset source named 'ServerAssets3' at '..\ServerAssets\ServerAssets3.pak'
[21:11:19.943] [Info] Root: Detected asset source named 'ServerAssets4' at '..\ServerAssets\ServerAssets4.pak'
[21:11:19.946] [Info] Root: Detected asset source named 'ServerAssets5' at '..\ServerAssets\ServerAssets5.pak'
[21:11:19.949] [Info] Root: Detected asset source named 'ServerAssets6' at '..\ServerAssets\ServerAssets6.pak'
[21:11:19.952] [Info] Root: Detected asset source named 'ServerAssets7' at '..\ServerAssets\ServerAssets7.pak'
[21:11:19.955] [Info] Root: Detected asset source named 'ServerAssets8' at '..\ServerAssets\ServerAssets8.pak'
[21:11:19.959] [Info] Root: Detected asset source named 'ServerAssets9' at '..\ServerAssets\ServerAssets9.pak'
[21:11:19.961] [Info] Root: Detected unnamed asset source at '..\ServerAssets\base'
[21:11:19.964] [Info] Root: Detected unnamed asset source at '..\ServerMods\Disabled'
[21:11:19.966] [Info] Loading assets from: '..\ServerAssets\ServerAssets1.pak'
[21:11:20.047] [Info] Loading assets from: '..\ServerAssets\ServerAssets10.pak'
[21:11:20.070] [Info] Loading assets from: '..\ServerAssets\ServerAssets11.pak'
[21:11:20.093] [Info] Loading assets from: '..\ServerAssets\ServerAssets2.pak'
[21:11:20.123] [Info] Loading assets from: '..\ServerAssets\ServerAssets3.pak'
[21:11:20.250] [Info] Loading assets from: '..\ServerAssets\ServerAssets4.pak'
[21:11:20.336] [Info] Loading assets from: '..\ServerAssets\ServerAssets5.pak'
[21:11:20.558] [Info] Loading assets from: '..\ServerAssets\ServerAssets6.pak'
[21:11:20.641] [Info] Loading assets from: '..\ServerAssets\ServerAssets7.pak'
[21:11:20.714] [Info] Loading assets from: '..\ServerAssets\ServerAssets8.pak'
[21:11:20.765] [Info] Loading assets from: '..\ServerAssets\ServerAssets9.pak'
[21:11:20.775] [Info] Loading assets from: '..\ServerAssets\base'
[21:11:20.779] [Info] Loading assets from: '..\ServerMods\Disabled'
[21:11:21.542] [Info] Assets digest is 325ac1223ea0c4b3ea1a9e99b30efae973ba1ea8c369cb5e40ebb62ae29af36e
[21:11:21.544] [Info] Root: Loaded Assets in 2.26018 seconds
[21:11:21.560] [Info] Root: Loaded NameGenerator in 2.2719 seconds
[21:11:21.664] [Info] Root: Loaded PlantDatabase in 0.102411 seconds
[21:11:21.816] [Info] Root: Loaded ProjectileDatabase in 0.150117 seconds
[21:11:21.822] [Info] Root: Loaded ObjectDatabase in 0.275101 seconds
[21:11:21.908] [Info] Root: Loaded NpcDatabase in 0.084262 seconds
[21:11:21.912] [Info] Root: Loaded StagehandDatabase in 0.0020929 seconds
[21:11:21.920] [Info] Root: Loaded VehicleDatabase in 0.006507 seconds
[21:11:21.926] [Info] Root: Loaded PlayerFactory in 0.003593 seconds
[21:11:21.959] [Info] Root: Loaded MonsterDatabase in 0.141308 seconds
[21:11:21.962] [Info] Root: Loaded VersioningDatabase in 0.0011445 seconds
[21:11:21.964] [Info] Root: Loaded EntityFactory in 0.0368462 seconds
[21:11:22.029] [Info] Root: Loaded ParticleDatabase in 0.0634308 seconds
[21:11:22.034] [Info] Root: Loaded ImageMetadataDatabase in 1.7e-06 seconds
[21:11:22.182] [Info] Root: Loaded MaterialDatabase in 0.216209 seconds
[21:11:22.188] [Info] Root: Loaded TerrainDatabase in 0.003849 seconds
[21:11:22.218] [Info] Root: Loaded BiomeDatabase in 0.0280329 seconds
[21:11:22.220] [Info] Root: Loaded LiquidsDatabase in 0.0009054 seconds
[21:11:22.228] [Info] Root: Loaded StatusEffectDatabase in 0.0056663 seconds
[21:11:22.468] [Info] Root: Loaded DamageDatabase in 0.238631 seconds
[21:11:22.474] [Info] Root: Loaded EffectSourceDatabase in 0.0039267 seconds
[21:11:22.480] [Info] Root: Loaded FunctionDatabase in 0.0035389 seconds
[21:11:22.502] [Info] Root: Loaded TreasureDatabase in 0.0206357 seconds
[21:11:22.787] [Info] Root: Loaded DungeonDefinitions in 0.283487 seconds
[21:11:22.790] [Info] Root: Loaded TilesetDatabase in 4.99e-05 seconds
[21:11:22.794] [Info] Root: Loaded StatisticsDatabase in 0.0018058 seconds
[21:11:22.796] [Info] Root: Loaded EmoteProcessor in 0.0002946 seconds
[21:11:22.803] [Info] Root: Loaded SpeciesDatabase in 0.0052843 seconds
[21:11:22.822] [Info] Root: Loaded QuestTemplateDatabase in 0.0164575 seconds
[21:11:22.824] [Info] Root: Loaded AiDatabase in 0.000896 seconds
[21:11:22.827] [Info] Root: Loaded TechDatabase in 0.0008301 seconds
[21:11:22.834] [Info] Root: Loaded CodexDatabase in 0.0055943 seconds
[21:11:23.106] [Info] Root: Loaded BehaviorDatabase in 0.27012 seconds
[21:11:23.110] [Info] Root: Loaded DanceDatabase in 0.0026215 seconds
[21:11:23.118] [Info] Root: Loaded SpawnTypeDatabase in 0.0061597 seconds
[21:11:23.126] [Info] Root: Loaded RadioMessageDatabase in 0.0048828 seconds
[21:11:24.291] [Info] Root: Writing runtime configuration to '..\ServerUniverse\starbound_server.config'
